<?xml version="1.0" encoding="UTF-8"?>
<testng-results skipped="0" failed="1" total="4" passed="3">
  <reporter-output>
  </reporter-output>
  <suite name="Suite" duration-ms="26822" started-at="2019-03-28T18:36:34Z" finished-at="2019-03-28T18:37:01Z">
    <groups>
    </groups>
    <test name="arunacademy HomePage" duration-ms="15315" started-at="2019-03-28T18:36:34Z" finished-at="2019-03-28T18:36:49Z">
      <class name="arunacademy.HomePage">
        <test-method status="PASS" signature="Initialize()[pri:0, instance:arunacademy.HomePage@3c947bc5]" name="Initialize" is-config="true" duration-ms="2933" started-at="2019-03-29T00:06:34Z" finished-at="2019-03-29T00:06:37Z">
          <reporter-output>
          </reporter-output>
        </test-method> <!-- Initialize -->
        <test-method status="PASS" signature="basePageNavigation(java.lang.String, java.lang.String, java.lang.String)[pri:0, instance:arunacademy.HomePage@3c947bc5]" name="basePageNavigation" duration-ms="8114" started-at="2019-03-29T00:06:37Z" data-provider="getData" finished-at="2019-03-29T00:06:45Z">
          <params>
            <param index="0">
              <value>
                <![CDATA[abc@abc.com]]>
              </value>
            </param>
            <param index="1">
              <value>
                <![CDATA[Passcode]]>
              </value>
            </param>
            <param index="2">
              <value>
                <![CDATA[RestrictedUser]]>
              </value>
            </param>
          </params>
          <reporter-output>
          </reporter-output>
        </test-method> <!-- basePageNavigation -->
        <test-method status="PASS" signature="basePageNavigation(java.lang.String, java.lang.String, java.lang.String)[pri:0, instance:arunacademy.HomePage@3c947bc5]" name="basePageNavigation" duration-ms="4128" started-at="2019-03-29T00:06:45Z" data-provider="getData" finished-at="2019-03-29T00:06:49Z">
          <params>
            <param index="0">
              <value>
                <![CDATA[def@abc.com]]>
              </value>
            </param>
            <param index="1">
              <value>
                <![CDATA[Passcode1]]>
              </value>
            </param>
            <param index="2">
              <value>
                <![CDATA[Non RestrictedUser]]>
              </value>
            </param>
          </params>
          <reporter-output>
          </reporter-output>
        </test-method> <!-- basePageNavigation -->
        <test-method status="PASS" signature="tearDown()[pri:0, instance:arunacademy.HomePage@3c947bc5]" name="tearDown" is-config="true" duration-ms="120" started-at="2019-03-29T00:06:49Z" finished-at="2019-03-29T00:06:49Z">
          <reporter-output>
          </reporter-output>
        </test-method> <!-- tearDown -->
      </class> <!-- arunacademy.HomePage -->
    </test> <!-- arunacademy HomePage -->
    <test name="arunacademy validationNavigationBar" duration-ms="6507" started-at="2019-03-28T18:36:50Z" finished-at="2019-03-28T18:36:56Z">
      <class name="arunacademy.validationNavigationBar">
        <test-method status="PASS" signature="initialize()[pri:0, instance:arunacademy.validationNavigationBar@4ef37659]" name="initialize" is-config="true" duration-ms="4075" started-at="2019-03-29T00:06:50Z" finished-at="2019-03-29T00:06:54Z">
          <reporter-output>
          </reporter-output>
        </test-method> <!-- initialize -->
        <test-method status="PASS" signature="basePageNavigation()[pri:0, instance:arunacademy.validationNavigationBar@4ef37659]" name="basePageNavigation" duration-ms="63" started-at="2019-03-29T00:06:54Z" finished-at="2019-03-29T00:06:54Z">
          <reporter-output>
          </reporter-output>
        </test-method> <!-- basePageNavigation -->
        <test-method status="PASS" signature="teardown()[pri:0, instance:arunacademy.validationNavigationBar@4ef37659]" name="teardown" is-config="true" duration-ms="2367" started-at="2019-03-29T00:06:54Z" finished-at="2019-03-29T00:06:56Z">
          <reporter-output>
          </reporter-output>
        </test-method> <!-- teardown -->
      </class> <!-- arunacademy.validationNavigationBar -->
    </test> <!-- arunacademy validationNavigationBar -->
    <test name="arunacademy ValidateTitles" duration-ms="4968" started-at="2019-03-28T18:36:56Z" finished-at="2019-03-28T18:37:01Z">
      <class name="arunacademy.ValidateTitles">
        <test-method status="PASS" signature="initialize()[pri:0, instance:arunacademy.ValidateTitles@5939a379]" name="initialize" is-config="true" duration-ms="4290" started-at="2019-03-29T00:06:56Z" finished-at="2019-03-29T00:07:00Z">
          <reporter-output>
          </reporter-output>
        </test-method> <!-- initialize -->
        <test-method status="FAIL" signature="basePageNavigation()[pri:0, instance:arunacademy.ValidateTitles@5939a379]" name="basePageNavigation" duration-ms="67" started-at="2019-03-29T00:07:00Z" finished-at="2019-03-29T00:07:00Z">
          <exception class="java.lang.AssertionError">
            <message>
              <![CDATA[expected [FEATURED COURSES1] but found [FEATURED COURSES]]]>
            </message>
            <full-stacktrace>
              <![CDATA[java.lang.AssertionError: expected [FEATURED COURSES1] but found [FEATURED COURSES]
	at org.testng.Assert.fail(Assert.java:94)
	at org.testng.Assert.failNotEquals(Assert.java:513)
	at org.testng.Assert.assertEqualsImpl(Assert.java:135)
	at org.testng.Assert.assertEquals(Assert.java:116)
	at org.testng.Assert.assertEquals(Assert.java:190)
	at org.testng.Assert.assertEquals(Assert.java:200)
	at arunacademy.ValidateTitles.basePageNavigation(ValidateTitles.java:32)
	at sun.reflect.NativeMethodAccessorImpl.invoke0(Native Method)
	at sun.reflect.NativeMethodAccessorImpl.invoke(Unknown Source)
	at sun.reflect.DelegatingMethodAccessorImpl.invoke(Unknown Source)
	at java.lang.reflect.Method.invoke(Unknown Source)
	at org.testng.internal.MethodInvocationHelper.invokeMethod(MethodInvocationHelper.java:100)
	at org.testng.internal.Invoker.invokeMethod(Invoker.java:646)
	at org.testng.internal.Invoker.invokeTestMethod(Invoker.java:811)
	at org.testng.internal.Invoker.invokeTestMethods(Invoker.java:1129)
	at org.testng.internal.TestMethodWorker.invokeTestMethods(TestMethodWorker.java:129)
	at org.testng.internal.TestMethodWorker.run(TestMethodWorker.java:112)
	at org.testng.TestRunner.privateRun(TestRunner.java:746)
	at org.testng.TestRunner.run(TestRunner.java:600)
	at org.testng.SuiteRunner.runTest(SuiteRunner.java:366)
	at org.testng.SuiteRunner.runSequentially(SuiteRunner.java:361)
	at org.testng.SuiteRunner.privateRun(SuiteRunner.java:319)
	at org.testng.SuiteRunner.run(SuiteRunner.java:268)
	at org.testng.SuiteRunnerWorker.runSuite(SuiteRunnerWorker.java:52)
	at org.testng.SuiteRunnerWorker.run(SuiteRunnerWorker.java:86)
	at org.testng.TestNG.runSuitesSequentially(TestNG.java:1264)
	at org.testng.TestNG.runSuitesLocally(TestNG.java:1189)
	at org.testng.TestNG.runSuites(TestNG.java:1104)
	at org.testng.TestNG.run(TestNG.java:1076)
	at org.testng.remote.AbstractRemoteTestNG.run(AbstractRemoteTestNG.java:126)
	at org.testng.remote.RemoteTestNG.initAndRun(RemoteTestNG.java:152)
	at org.testng.remote.RemoteTestNG.main(RemoteTestNG.java:57)
]]>
            </full-stacktrace>
          </exception> <!-- java.lang.AssertionError -->
          <reporter-output>
          </reporter-output>
        </test-method> <!-- basePageNavigation -->
        <test-method status="PASS" signature="teardown()[pri:0, instance:arunacademy.ValidateTitles@5939a379]" name="teardown" is-config="true" duration-ms="121" started-at="2019-03-29T00:07:01Z" finished-at="2019-03-29T00:07:01Z">
          <reporter-output>
          </reporter-output>
        </test-method> <!-- teardown -->
      </class> <!-- arunacademy.ValidateTitles -->
    </test> <!-- arunacademy ValidateTitles -->
  </suite> <!-- Suite -->
</testng-results>
